#
# A fatal error has been detected by the Java Runtime Environment:
#
#  SIGSEGV (0xb) at pc=0x0000000104440d8c, pid=1376, tid=16643
#
# JRE version: Java(TM) SE Runtime Environment (8.0_20-b26) (build 1.8.0_20-b26)
# Java VM: Java HotSpot(TM) 64-Bit Server VM (25.20-b23 mixed mode bsd-amd64 compressed oops)
# Problematic frame:
# V  [libjvm.dylib+0x422d8c]  Method::checked_resolve_jmethod_id(_jmethodID*)+0xe
#
# Failed to write core dump. Core dumps have been disabled. To enable core dumping, try "ulimit -c unlimited" before starting Java again
#
# If you would like to submit a bug report, please visit:
#   http://bugreport.sun.com/bugreport/crash.jsp
#

---------------  T H R E A D  ---------------

Current thread (0x00007fcb8183f000):  JavaThread "JDWP Transport Listener: dt_socket" daemon [_thread_in_vm, id=16643, stack(0x000000011ae32000,0x000000011af32000)]

siginfo: si_signo: 11 (SIGSEGV), si_code: 0 (unknown), si_addr: 0x0000000000000000

Registers:
RAX=0x0000000000000001, RBX=0x000000011af31a8b, RCX=0x00000001047f3c80, RDX=0x000000011af31a8b
RSP=0x000000011af319d0, RBP=0x000000011af319e0, RSI=0x00007fcb8183f000, RDI=0x6e697274532f676e
R8 =0x0000000000000003, R9 =0x00007fcb81500000, R10=0x0000000000000040, R11=0x00007fcb81500000
R12=0x00007fcb8183f000, R13=0x6e697274532f676e, R14=0x6e697274532f676e, R15=0x00007fcb81700830
RIP=0x0000000104440d8c, EFLAGS=0x0000000000010202, ERR=0x0000000000000000
  TRAPNO=0x000000000000000d

Top of Stack: (sp=0x000000011af319d0)
0x000000011af319d0:   000000011af31a8b 000000011af31a8b
0x000000011af319e0:   000000011af31a40 0000000104352ec2
0x000000011af319f0:   00007fcb8183f000 0000000000000000
0x000000011af31a00:   0000000000000000 0000000000000000
0x000000011af31a10:   00007fcb8183f000 00007fcb8183f000
0x000000011af31a20:   000000011af31a8b 000000011af31a90
0x000000011af31a30:   6e697274532f676e 0000000000000010
0x000000011af31a40:   000000011af31a60 00000001050b67dc
0x000000011af31a50:   0000000000000001 000000011af31b08
0x000000011af31a60:   000000011af31ad0 000000010509b263
0x000000011af31a70:   000000011af31aa0 00007fcb81548850
0x000000011af31a80:   0000001100000032 0000000900f31b08
0x000000011af31a90:   0000000000000000 0000000000000000
0x000000011af31aa0:   0000000000000000 000000011af31c90
0x000000011af31ab0:   00000001050bdeca 00007fcb81543400
0x000000011af31ac0:   000000011af31b08 00000001050c9588
0x000000011af31ad0:   000000011af31ae0 000000010509b35c
0x000000011af31ae0:   000000011af31d00 00000001050a48f6
0x000000011af31af0:   0000249800000013 00000000000f0200
0x000000011af31b00:   00007fcb8153eaf0 00007fcb82093dd4
0x000000011af31b10:   00007fcb000002dc 00007fcb81544030
0x000000011af31b20:   00007fcb0000012c 000000011af31b58
0x000000011af31b30:   00007fcb815489f0 00007f0000000000
0x000000011af31b40:   0000249800000563 00007fff0000a780
0x000000011af31b50:   0000000000000000 cb7f000011000000
0x000000011af31b60:   0800000078845481 70614d6f54646461
0x000000011af31b70:   616a4c2815000000 2f6c6974752f6176
0x000000011af31b80:   2949435b3b70614d 6a4c283f00000056
0x000000011af31b90:   6c6974752f617661 616a4c3c70614d2f
0x000000011af31ba0:   2f676e616c2f6176 6574636172616843
0x000000011af31bb0:   2f6176616a4c3b72 746e492f676e616c
0x000000011af31bc0:   5b3b3e3b72656765 0a00000056294943 

Instructions: (pc=0x0000000104440d8c)
0x0000000104440d6c:   40 48 48 85 c0 75 e0 30 c0 0f b6 c0 5d c3 31 c0
0x0000000104440d7c:   5d c3 55 48 89 e5 53 48 83 ec 08 48 85 ff 74 24
0x0000000104440d8c:   48 8b 1f 48 85 db 74 1c 48 83 fb 37 74 16 48 8b
0x0000000104440d9c:   03 48 89 df ff 50 10 84 c0 b8 00 00 00 00 48 0f 

Register to memory mapping:

RAX=0x0000000000000001 is an unknown value
RBX=0x000000011af31a8b is pointing into the stack for thread: 0x00007fcb8183f000
RCX=0x00000001047f3c80: UseMembar+0 in /Library/Java/JavaVirtualMachines/jdk1.8.0_20.jdk/Contents/Home/jre/lib/server/libjvm.dylib at 0x000000010401e000
RDX=0x000000011af31a8b is pointing into the stack for thread: 0x00007fcb8183f000
RSP=0x000000011af319d0 is pointing into the stack for thread: 0x00007fcb8183f000
RBP=0x000000011af319e0 is pointing into the stack for thread: 0x00007fcb8183f000
RSI=0x00007fcb8183f000 is a thread
RDI=0x6e697274532f676e is an unknown value
R8 =0x0000000000000003 is an unknown value
R9 =0x00007fcb81500000 is an unknown value
R10=0x0000000000000040 is an unknown value
R11=0x00007fcb81500000 is an unknown value
R12=0x00007fcb8183f000 is a thread
R13=0x6e697274532f676e is an unknown value
R14=0x6e697274532f676e is an unknown value
R15=0x00007fcb81700830 is an unknown value


Stack: [0x000000011ae32000,0x000000011af32000],  sp=0x000000011af319d0,  free space=1022k
Native frames: (J=compiled Java code, j=interpreted, Vv=VM code, C=native code)
V  [libjvm.dylib+0x422d8c]  Method::checked_resolve_jmethod_id(_jmethodID*)+0xe
V  [libjvm.dylib+0x334ec2]  jvmti_IsMethodSynthetic+0xb2
C  [libjdwp.dylib+0x207dc]  isMethodSynthetic+0x63
C  [libjdwp.dylib+0x5263]  methods1+0x10b
C  [libjdwp.dylib+0x535c]  methodsWithGeneric+0xe
C  [libjdwp.dylib+0xe8f6]  debugLoop_run+0x1ce
C  [libjdwp.dylib+0x1f716]  attachThread+0x4d
V  [libjvm.dylib+0x375f22]  JvmtiAgentThread::call_start_function()+0x38
V  [libjvm.dylib+0x535a51]  JavaThread::thread_main_inner()+0x9b
V  [libjvm.dylib+0x537194]  JavaThread::run()+0x1c2
V  [libjvm.dylib+0x45d35a]  java_start(Thread*)+0xf6
C  [libsystem_pthread.dylib+0x405a]  _pthread_body+0x83
C  [libsystem_pthread.dylib+0x3fd7]  _pthread_body+0x0
C  [libsystem_pthread.dylib+0x13ed]  thread_start+0xd
C  0x0000000000000000


---------------  P R O C E S S  ---------------

Java Threads: ( => current thread )
  0x00007fcb8202f000 JavaThread "Service Thread" daemon [_thread_blocked, id=19715, stack(0x000000011b444000,0x000000011b544000)]
  0x00007fcb8203b000 JavaThread "C1 CompilerThread2" daemon [_thread_blocked, id=19203, stack(0x000000011b341000,0x000000011b441000)]
  0x00007fcb8305c800 JavaThread "C2 CompilerThread1" daemon [_thread_blocked, id=18691, stack(0x000000011b23e000,0x000000011b33e000)]
  0x00007fcb82822800 JavaThread "C2 CompilerThread0" daemon [_thread_blocked, id=18179, stack(0x000000011b13b000,0x000000011b23b000)]
  0x00007fcb8203c000 JavaThread "JDWP Command Reader" daemon [_thread_in_native, id=17667, stack(0x000000011b038000,0x000000011b138000)]
  0x00007fcb8183f800 JavaThread "JDWP Event Helper Thread" daemon [_thread_blocked, id=17155, stack(0x000000011af35000,0x000000011b035000)]
=>0x00007fcb8183f000 JavaThread "JDWP Transport Listener: dt_socket" daemon [_thread_in_vm, id=16643, stack(0x000000011ae32000,0x000000011af32000)]
  0x00007fcb83009800 JavaThread "Signal Dispatcher" daemon [_thread_blocked, id=13331, stack(0x000000011ad28000,0x000000011ae28000)]
  0x00007fcb82821800 JavaThread "Finalizer" daemon [_thread_blocked, id=11523, stack(0x0000000119306000,0x0000000119406000)]
  0x00007fcb8181a000 JavaThread "Reference Handler" daemon [_thread_blocked, id=11011, stack(0x0000000119203000,0x0000000119303000)]
  0x00007fcb83000000 JavaThread "main" [_thread_blocked, id=3331, stack(0x0000000104f3a000,0x000000010503a000)]

Other Threads:
  0x00007fcb81815800 VMThread [stack: 0x0000000119100000,0x0000000119200000] [id=10499]
  0x00007fcb82839800 WatcherThread [stack: 0x000000011b547000,0x000000011b647000] [id=20227]

VM state:not at safepoint (normal execution)

VM Mutex/Monitor currently owned by a thread: None

Heap:
 PSYoungGen      total 18944K, used 1966K [0x00000007aab00000, 0x00000007ac000000, 0x00000007c0000000)
  eden space 16384K, 12% used [0x00000007aab00000,0x00000007aacebaa0,0x00000007abb00000)
  from space 2560K, 0% used [0x00000007abd80000,0x00000007abd80000,0x00000007ac000000)
  to   space 2560K, 0% used [0x00000007abb00000,0x00000007abb00000,0x00000007abd80000)
 ParOldGen       total 44032K, used 0K [0x0000000780000000, 0x0000000782b00000, 0x00000007aab00000)
  object space 44032K, 0% used [0x0000000780000000,0x0000000780000000,0x0000000782b00000)
 Metaspace       used 2857K, capacity 4562K, committed 4864K, reserved 1056768K
  class space    used 304K, capacity 386K, committed 512K, reserved 1048576K

Card table byte_map: [0x0000000114dc0000,0x0000000114fc1000] byte_map_base: 0x00000001111c0000

Marking Bits: (ParMarkBitMap*) 0x00000001048ba330
 Begin Bits: [0x0000000115420000, 0x0000000116420000)
 End Bits:   [0x0000000116420000, 0x0000000117420000)

Polling page: 0x000000010507e000

CodeCache: size=245760Kb used=1169Kb max_used=1169Kb free=244590Kb
 bounds [0x0000000105a00000, 0x0000000105c70000, 0x0000000114a00000]
 total_blobs=283 nmethods=57 adapters=149
 compilation: enabled

Compilation events (10 events):
Event: 0.798 Thread 0x00007fcb8203b000   47       1       java.lang.StringCoding$StringEncoder::requestedCharsetName (5 bytes)
Event: 0.798 Thread 0x00007fcb8203b000 nmethod 47 0x0000000105b22a50 code [0x0000000105b22ba0, 0x0000000105b22cb0]
Event: 0.798 Thread 0x00007fcb8203b000   54       3       java.lang.AbstractStringBuilder::expandCapacity (50 bytes)
Event: 0.799 Thread 0x00007fcb8203b000 nmethod 54 0x0000000105b22d10 code [0x0000000105b22ec0, 0x0000000105b23418]
Event: 0.803 Thread 0x00007fcb8203b000   55       3       java.lang.StringBuilder::append (8 bytes)
Event: 0.804 Thread 0x00007fcb8203b000 nmethod 55 0x0000000105b23650 code [0x0000000105b237e0, 0x0000000105b23b68]
Event: 0.804 Thread 0x00007fcb8203b000   56       3       java.lang.AbstractStringBuilder::append (29 bytes)
Event: 0.804 Thread 0x00007fcb8203b000 nmethod 56 0x0000000105b23d50 code [0x0000000105b23ec0, 0x0000000105b241e8]
Event: 0.841 Thread 0x00007fcb8203b000   57       1       java.lang.String::length (6 bytes)
Event: 0.842 Thread 0x00007fcb8203b000 nmethod 57 0x0000000105b24350 code [0x0000000105b244a0, 0x0000000105b245b0]

GC Heap History (0 events):
No events

Deoptimization events (0 events):
No events

Internal exceptions (3 events):
Event: 0.077 Thread 0x00007fcb83000000 Exception <a 'java/lang/NoSuchMethodError': Method sun.misc.Unsafe.defineClass(Ljava/lang/String;[BII)Ljava/lang/Class; name or signature does not match> (0x00000007aab11fe0) thrown at [/HUDSON3/workspace/8-2-build-macosx-x86_64/jdk8u20/1074/hotspot/src/s
Event: 0.077 Thread 0x00007fcb83000000 Exception <a 'java/lang/NoSuchMethodError': Method sun.misc.Unsafe.prefetchRead(Ljava/lang/Object;J)V name or signature does not match> (0x00000007aab12270) thrown at [/HUDSON3/workspace/8-2-build-macosx-x86_64/jdk8u20/1074/hotspot/src/share/vm/prims/jni.
Event: 0.786 Thread 0x00007fcb83000000 Exception <a 'java/security/PrivilegedActionException'> (0x00000007aaca4030) thrown at [/HUDSON3/workspace/8-2-build-macosx-x86_64/jdk8u20/1074/hotspot/src/share/vm/prims/jvm.cpp, line 1275]

Events (10 events):
Event: 276.251 Executing VM operation: ChangeBreakpoints
Event: 276.251 Executing VM operation: ChangeBreakpoints done
Event: 553.112 Executing VM operation: ChangeBreakpoints
Event: 553.113 Executing VM operation: ChangeBreakpoints done
Event: 1092.617 Executing VM operation: RedefineClasses
Event: 1092.621 Executing VM operation: RedefineClasses done
Event: 1129.042 Executing VM operation: RedefineClasses
Event: 1129.042 Executing VM operation: RedefineClasses done
Event: 1379.996 Executing VM operation: RedefineClasses
Event: 1379.999 Executing VM operation: RedefineClasses done


Dynamic libraries:
0x0000000006a87000 	/System/Library/Frameworks/Cocoa.framework/Versions/A/Cocoa
0x0000000006a87000 	/System/Library/Frameworks/Security.framework/Versions/A/Security
0x0000000006a87000 	/System/Library/Frameworks/ApplicationServices.framework/Versions/A/ApplicationServices
0x0000000006a87000 	/usr/lib/libz.1.dylib
0x0000000006a87000 	/usr/lib/libSystem.B.dylib
0x0000000006a87000 	/usr/lib/libobjc.A.dylib
0x0000000006a87000 	/System/Library/Frameworks/CoreFoundation.framework/Versions/A/CoreFoundation
0x0000000006a87000 	/System/Library/Frameworks/Foundation.framework/Versions/C/Foundation
0x0000000006a87000 	/System/Library/Frameworks/AppKit.framework/Versions/C/AppKit
0x0000000006a87000 	/System/Library/Frameworks/CoreData.framework/Versions/A/CoreData
0x0000000006a87000 	/System/Library/PrivateFrameworks/RemoteViewServices.framework/Versions/A/RemoteViewServices
0x0000000006a87000 	/System/Library/PrivateFrameworks/UIFoundation.framework/Versions/A/UIFoundation
0x0000000006a87000 	/System/Library/Frameworks/IOSurface.framework/Versions/A/IOSurface
0x0000000006a87000 	/System/Library/Frameworks/AudioToolbox.framework/Versions/A/AudioToolbox
0x0000000006a87000 	/System/Library/Frameworks/AudioUnit.framework/Versions/A/AudioUnit
0x0000000006a87000 	/System/Library/PrivateFrameworks/DataDetectorsCore.framework/Versions/A/DataDetectorsCore
0x0000000006a87000 	/System/Library/PrivateFrameworks/DesktopServicesPriv.framework/Versions/A/DesktopServicesPriv
0x0000000006a87000 	/System/Library/Frameworks/Carbon.framework/Versions/A/Frameworks/HIToolbox.framework/Versions/A/HIToolbox
0x0000000006a87000 	/System/Library/Frameworks/QuartzCore.framework/Versions/A/QuartzCore
0x0000000006a87000 	/System/Library/Frameworks/Carbon.framework/Versions/A/Frameworks/SpeechRecognition.framework/Versions/A/SpeechRecognition
0x0000000006a87000 	/usr/lib/libauto.dylib
0x0000000006a87000 	/usr/lib/libicucore.A.dylib
0x0000000006a87000 	/usr/lib/libxml2.2.dylib
0x0000000006a87000 	/System/Library/PrivateFrameworks/CoreUI.framework/Versions/A/CoreUI
0x0000000006a87000 	/System/Library/Frameworks/CoreAudio.framework/Versions/A/CoreAudio
0x0000000006a87000 	/System/Library/Frameworks/DiskArbitration.framework/Versions/A/DiskArbitration
0x0000000006a87000 	/usr/lib/liblangid.dylib
0x0000000006a87000 	/System/Library/PrivateFrameworks/MultitouchSupport.framework/Versions/A/MultitouchSupport
0x0000000006a87000 	/System/Library/Frameworks/IOKit.framework/Versions/A/IOKit
0x0000000006a87000 	/usr/lib/libDiagnosticMessagesClient.dylib
0x0000000006a87000 	/System/Library/Frameworks/CoreServices.framework/Versions/A/CoreServices
0x0000000006a87000 	/System/Library/PrivateFrameworks/PerformanceAnalysis.framework/Versions/A/PerformanceAnalysis
0x0000000006a87000 	/System/Library/PrivateFrameworks/GenerationalStorage.framework/Versions/A/GenerationalStorage
0x0000000006a87000 	/System/Library/Frameworks/OpenGL.framework/Versions/A/OpenGL
0x0000000006a87000 	/System/Library/PrivateFrameworks/Sharing.framework/Versions/A/Sharing
0x0000000006a87000 	/System/Library/Frameworks/CoreGraphics.framework/Versions/A/CoreGraphics
0x0000000006a87000 	/System/Library/Frameworks/CoreText.framework/Versions/A/CoreText
0x0000000006a87000 	/System/Library/Frameworks/ImageIO.framework/Versions/A/ImageIO
0x0000000006a87000 	/usr/lib/libextension.dylib
0x0000000006a87000 	/System/Library/PrivateFrameworks/Backup.framework/Versions/A/Backup
0x0000000006a87000 	/usr/lib/libarchive.2.dylib
0x0000000006a87000 	/System/Library/Frameworks/CFNetwork.framework/Versions/A/CFNetwork
0x0000000006a87000 	/System/Library/Frameworks/SystemConfiguration.framework/Versions/A/SystemConfiguration
0x0000000006a87000 	/usr/lib/libCRFSuite.dylib
0x0000000006a87000 	/usr/lib/libc++.1.dylib
0x0000000006a87000 	/usr/lib/libc++abi.dylib
0x0000000006a87000 	/usr/lib/system/libcache.dylib
0x0000000006a87000 	/usr/lib/system/libcommonCrypto.dylib
0x0000000006a87000 	/usr/lib/system/libcompiler_rt.dylib
0x0000000006a87000 	/usr/lib/system/libcopyfile.dylib
0x0000000006a87000 	/usr/lib/system/libcorecrypto.dylib
0x0000000006a87000 	/usr/lib/system/libdispatch.dylib
0x0000000006a87000 	/usr/lib/system/libdyld.dylib
0x0000000006a87000 	/usr/lib/system/libkeymgr.dylib
0x0000000006a87000 	/usr/lib/system/liblaunch.dylib
0x0000000006a87000 	/usr/lib/system/libmacho.dylib
0x0000000006a87000 	/usr/lib/system/libquarantine.dylib
0x0000000006a87000 	/usr/lib/system/libremovefile.dylib
0x0000000006a87000 	/usr/lib/system/libsystem_asl.dylib
0x0000000006a87000 	/usr/lib/system/libsystem_blocks.dylib
0x0000000006a87000 	/usr/lib/system/libsystem_c.dylib
0x0000000006a87000 	/usr/lib/system/libsystem_configuration.dylib
0x0000000006a87000 	/usr/lib/system/libsystem_coreservices.dylib
0x0000000006a87000 	/usr/lib/system/libsystem_coretls.dylib
0x0000000006a87000 	/usr/lib/system/libsystem_dnssd.dylib
0x0000000006a87000 	/usr/lib/system/libsystem_info.dylib
0x0000000006a87000 	/usr/lib/system/libsystem_kernel.dylib
0x0000000006a87000 	/usr/lib/system/libsystem_m.dylib
0x0000000006a87000 	/usr/lib/system/libsystem_malloc.dylib
0x0000000006a87000 	/usr/lib/system/libsystem_network.dylib
0x0000000006a87000 	/usr/lib/system/libsystem_networkextension.dylib
0x0000000006a87000 	/usr/lib/system/libsystem_notify.dylib
0x0000000006a87000 	/usr/lib/system/libsystem_platform.dylib
0x0000000006a87000 	/usr/lib/system/libsystem_pthread.dylib
0x0000000006a87000 	/usr/lib/system/libsystem_sandbox.dylib
0x0000000006a87000 	/usr/lib/system/libsystem_secinit.dylib
0x0000000006a87000 	/usr/lib/system/libsystem_stats.dylib
0x0000000006a87000 	/usr/lib/system/libsystem_trace.dylib
0x0000000006a87000 	/usr/lib/system/libunc.dylib
0x0000000006a87000 	/usr/lib/system/libunwind.dylib
0x0000000006a87000 	/usr/lib/system/libxpc.dylib
0x0000000006a87000 	/usr/lib/libbz2.1.0.dylib
0x0000000006a87000 	/usr/lib/liblzma.5.dylib
0x0000000006a87000 	/usr/lib/libbsm.0.dylib
0x0000000006a87000 	/usr/lib/libsqlite3.dylib
0x0000000006a87000 	/usr/lib/system/libkxld.dylib
0x0000000006a87000 	/usr/lib/libxar.1.dylib
0x0000000006a87000 	/usr/lib/libpam.2.dylib
0x0000000006a87000 	/usr/lib/libOpenScriptingUtil.dylib
0x0000000006a87000 	/System/Library/Frameworks/CoreServices.framework/Versions/A/Frameworks/FSEvents.framework/Versions/A/FSEvents
0x0000000006a87000 	/System/Library/Frameworks/CoreServices.framework/Versions/A/Frameworks/CarbonCore.framework/Versions/A/CarbonCore
0x0000000006a87000 	/System/Library/Frameworks/CoreServices.framework/Versions/A/Frameworks/Metadata.framework/Versions/A/Metadata
0x0000000006a87000 	/System/Library/Frameworks/CoreServices.framework/Versions/A/Frameworks/OSServices.framework/Versions/A/OSServices
0x0000000006a87000 	/System/Library/Frameworks/CoreServices.framework/Versions/A/Frameworks/SearchKit.framework/Versions/A/SearchKit
0x0000000006a87000 	/System/Library/Frameworks/CoreServices.framework/Versions/A/Frameworks/AE.framework/Versions/A/AE
0x0000000006a87000 	/System/Library/Frameworks/CoreServices.framework/Versions/A/Frameworks/LaunchServices.framework/Versions/A/LaunchServices
0x0000000006a87000 	/System/Library/Frameworks/CoreServices.framework/Versions/A/Frameworks/DictionaryServices.framework/Versions/A/DictionaryServices
0x0000000006a87000 	/System/Library/Frameworks/NetFS.framework/Versions/A/NetFS
0x0000000006a87000 	/System/Library/PrivateFrameworks/NetAuth.framework/Versions/A/NetAuth
0x0000000006a87000 	/System/Library/PrivateFrameworks/login.framework/Versions/A/Frameworks/loginsupport.framework/Versions/A/loginsupport
0x0000000006a87000 	/System/Library/PrivateFrameworks/TCC.framework/Versions/A/TCC
0x0000000006a87000 	/usr/lib/libmecabra.dylib
0x0000000006a87000 	/System/Library/Frameworks/ApplicationServices.framework/Versions/A/Frameworks/ATS.framework/Versions/A/ATS
0x0000000006a87000 	/System/Library/Frameworks/ApplicationServices.framework/Versions/A/Frameworks/ColorSync.framework/Versions/A/ColorSync
0x0000000006a87000 	/System/Library/Frameworks/ApplicationServices.framework/Versions/A/Frameworks/HIServices.framework/Versions/A/HIServices
0x0000000006a87000 	/System/Library/Frameworks/ApplicationServices.framework/Versions/A/Frameworks/LangAnalysis.framework/Versions/A/LangAnalysis
0x0000000006a87000 	/System/Library/Frameworks/ApplicationServices.framework/Versions/A/Frameworks/PrintCore.framework/Versions/A/PrintCore
0x0000000006a87000 	/System/Library/Frameworks/ApplicationServices.framework/Versions/A/Frameworks/QD.framework/Versions/A/QD
0x0000000006a87000 	/System/Library/Frameworks/ApplicationServices.framework/Versions/A/Frameworks/SpeechSynthesis.framework/Versions/A/SpeechSynthesis
0x0000000006a87000 	/System/Library/Frameworks/Accelerate.framework/Versions/A/Accelerate
0x0000000006a87000 	/System/Library/Frameworks/Accelerate.framework/Versions/A/Frameworks/vImage.framework/Versions/A/vImage
0x0000000006a87000 	/System/Library/Frameworks/Accelerate.framework/Versions/A/Frameworks/vecLib.framework/Versions/A/vecLib
0x0000000006a87000 	/System/Library/Frameworks/Accelerate.framework/Versions/A/Frameworks/vecLib.framework/Versions/A/libvDSP.dylib
0x0000000006a87000 	/System/Library/Frameworks/Accelerate.framework/Versions/A/Frameworks/vecLib.framework/Versions/A/libvMisc.dylib
0x0000000006a87000 	/System/Library/Frameworks/Accelerate.framework/Versions/A/Frameworks/vecLib.framework/Versions/A/libLAPACK.dylib
0x0000000006a87000 	/System/Library/Frameworks/Accelerate.framework/Versions/A/Frameworks/vecLib.framework/Versions/A/libBLAS.dylib
0x0000000006a87000 	/System/Library/Frameworks/Accelerate.framework/Versions/A/Frameworks/vecLib.framework/Versions/A/libLinearAlgebra.dylib
0x0000000006a87000 	/System/Library/Frameworks/ApplicationServices.framework/Versions/A/Frameworks/ATS.framework/Versions/A/Resources/libFontParser.dylib
0x0000000006a87000 	/System/Library/Frameworks/ApplicationServices.framework/Versions/A/Frameworks/ATS.framework/Versions/A/Resources/libFontRegistry.dylib
0x0000000006a87000 	/System/Library/PrivateFrameworks/AppleVPA.framework/Versions/A/AppleVPA
0x0000000006a87000 	/System/Library/PrivateFrameworks/AppleJPEG.framework/Versions/A/AppleJPEG
0x0000000006a87000 	/System/Library/Frameworks/ImageIO.framework/Versions/A/Resources/libJPEG.dylib
0x0000000006a87000 	/System/Library/Frameworks/ImageIO.framework/Versions/A/Resources/libTIFF.dylib
0x0000000006a87000 	/System/Library/Frameworks/ImageIO.framework/Versions/A/Resources/libPng.dylib
0x0000000006a87000 	/System/Library/Frameworks/ImageIO.framework/Versions/A/Resources/libGIF.dylib
0x0000000006a87000 	/System/Library/Frameworks/ImageIO.framework/Versions/A/Resources/libJP2.dylib
0x0000000006a87000 	/System/Library/Frameworks/ImageIO.framework/Versions/A/Resources/libRadiance.dylib
0x0000000006a87000 	/System/Library/Frameworks/CoreVideo.framework/Versions/A/CoreVideo
0x0000000006a87000 	/System/Library/Frameworks/OpenGL.framework/Versions/A/Libraries/libGLU.dylib
0x0000000006a87000 	/System/Library/Frameworks/OpenGL.framework/Versions/A/Libraries/libGFXShared.dylib
0x0000000006a87000 	/System/Library/Frameworks/OpenGL.framework/Versions/A/Libraries/libGL.dylib
0x0000000006a87000 	/System/Library/Frameworks/OpenGL.framework/Versions/A/Libraries/libGLImage.dylib
0x0000000006a87000 	/System/Library/Frameworks/OpenGL.framework/Versions/A/Libraries/libCVMSPluginSupport.dylib
0x0000000006a87000 	/System/Library/Frameworks/OpenGL.framework/Versions/A/Libraries/libCoreVMClient.dylib
0x0000000006a87000 	/usr/lib/libcups.2.dylib
0x0000000006a87000 	/System/Library/Frameworks/Kerberos.framework/Versions/A/Kerberos
0x0000000006a87000 	/System/Library/Frameworks/GSS.framework/Versions/A/GSS
0x0000000006a87000 	/usr/lib/libresolv.9.dylib
0x0000000006a87000 	/usr/lib/libiconv.2.dylib
0x0000000006a87000 	/System/Library/PrivateFrameworks/Heimdal.framework/Versions/A/Heimdal
0x0000000006a87000 	/usr/lib/libheimdal-asn1.dylib
0x0000000006a87000 	/System/Library/Frameworks/OpenDirectory.framework/Versions/A/OpenDirectory
0x0000000006a87000 	/System/Library/PrivateFrameworks/CommonAuth.framework/Versions/A/CommonAuth
0x0000000006a87000 	/System/Library/Frameworks/OpenDirectory.framework/Versions/A/Frameworks/CFOpenDirectory.framework/Versions/A/CFOpenDirectory
0x0000000006a87000 	/System/Library/Frameworks/SecurityFoundation.framework/Versions/A/SecurityFoundation
0x0000000006a87000 	/System/Library/PrivateFrameworks/LanguageModeling.framework/Versions/A/LanguageModeling
0x0000000006a87000 	/usr/lib/libcmph.dylib
0x0000000006a87000 	/System/Library/Frameworks/ServiceManagement.framework/Versions/A/ServiceManagement
0x0000000006a87000 	/usr/lib/libxslt.1.dylib
0x0000000006a87000 	/System/Library/Frameworks/Carbon.framework/Versions/A/Frameworks/Ink.framework/Versions/A/Ink
0x0000000006a87000 	/System/Library/Frameworks/QuartzCore.framework/Versions/A/Frameworks/CoreImage.framework/Versions/A/CoreImage
0x0000000006a87000 	/System/Library/PrivateFrameworks/CrashReporterSupport.framework/Versions/A/CrashReporterSupport
0x0000000006a87000 	/System/Library/Frameworks/OpenCL.framework/Versions/A/OpenCL
0x0000000006a87000 	/System/Library/PrivateFrameworks/FaceCore.framework/Versions/A/FaceCore
0x0000000006a87000 	/System/Library/PrivateFrameworks/Ubiquity.framework/Versions/A/Ubiquity
0x0000000006a87000 	/System/Library/PrivateFrameworks/IconServices.framework/Versions/A/IconServices
0x0000000006a87000 	/System/Library/PrivateFrameworks/ChunkingLibrary.framework/Versions/A/ChunkingLibrary
0x0000000006a87000 	/System/Library/PrivateFrameworks/Apple80211.framework/Versions/A/Apple80211
0x0000000006a87000 	/System/Library/Frameworks/CoreWLAN.framework/Versions/A/CoreWLAN
0x0000000006a87000 	/System/Library/Frameworks/IOBluetooth.framework/Versions/A/IOBluetooth
0x0000000006a87000 	/System/Library/PrivateFrameworks/CoreWiFi.framework/Versions/A/CoreWiFi
0x0000000006a87000 	/System/Library/Frameworks/CoreBluetooth.framework/Versions/A/CoreBluetooth
0x0000000006a87000 	/System/Library/PrivateFrameworks/DebugSymbols.framework/Versions/A/DebugSymbols
0x0000000006a87000 	/System/Library/PrivateFrameworks/CoreSymbolication.framework/Versions/A/CoreSymbolication
0x0000000006a87000 	/System/Library/PrivateFrameworks/Symbolication.framework/Versions/A/Symbolication
0x0000000006a87000 	/System/Library/PrivateFrameworks/SpeechRecognitionCore.framework/Versions/A/SpeechRecognitionCore
0x000000010401e000 	/Library/Java/JavaVirtualMachines/jdk1.8.0_20.jdk/Contents/Home/jre/lib/server/libjvm.dylib
0x0000000006a87000 	/usr/lib/libstdc++.6.dylib
0x000000010503c000 	/Library/Java/JavaVirtualMachines/jdk1.8.0_20.jdk/Contents/Home/jre/lib/libverify.dylib
0x000000010504a000 	/Library/Java/JavaVirtualMachines/jdk1.8.0_20.jdk/Contents/Home/jre/lib/libjava.dylib
0x0000000105096000 	/Library/Java/JavaVirtualMachines/jdk1.8.0_20.jdk/Contents/Home/jre/lib/libjdwp.dylib
0x00000001050e1000 	/Library/Java/JavaVirtualMachines/jdk1.8.0_20.jdk/Contents/Home/jre/lib/libnpt.dylib
0x00000001050ee000 	/Library/Java/JavaVirtualMachines/jdk1.8.0_20.jdk/Contents/Home/jre/lib/libzip.dylib
0x0000000119408000 	/System/Library/Frameworks/JavaVM.framework/Frameworks/JavaRuntimeSupport.framework/JavaRuntimeSupport
0x000000011941e000 	/System/Library/Frameworks/JavaVM.framework/Versions/A/Frameworks/JavaNativeFoundation.framework/Versions/A/JavaNativeFoundation
0x0000000119432000 	/System/Library/Frameworks/JavaVM.framework/Versions/A/JavaVM
0x0000000006a87000 	/System/Library/Frameworks/Carbon.framework/Versions/A/Carbon
0x000000011943e000 	/System/Library/PrivateFrameworks/JavaLaunching.framework/Versions/A/JavaLaunching
0x0000000006a87000 	/System/Library/Frameworks/Carbon.framework/Versions/A/Frameworks/CommonPanels.framework/Versions/A/CommonPanels
0x0000000006a87000 	/System/Library/Frameworks/Carbon.framework/Versions/A/Frameworks/Help.framework/Versions/A/Help
0x0000000006a87000 	/System/Library/Frameworks/Carbon.framework/Versions/A/Frameworks/ImageCapture.framework/Versions/A/ImageCapture
0x0000000006a87000 	/System/Library/Frameworks/Carbon.framework/Versions/A/Frameworks/OpenScripting.framework/Versions/A/OpenScripting
0x0000000006a87000 	/System/Library/Frameworks/Carbon.framework/Versions/A/Frameworks/Print.framework/Versions/A/Print
0x0000000006a87000 	/System/Library/Frameworks/Carbon.framework/Versions/A/Frameworks/SecurityHI.framework/Versions/A/SecurityHI
0x000000011ae2a000 	/Library/Java/JavaVirtualMachines/jdk1.8.0_20.jdk/Contents/Home/jre/lib/libdt_socket.dylib

VM Arguments:
jvm_args: -agentlib:jdwp=transport=dt_socket,address=127.0.0.1:51997,suspend=y,server=n -Dfile.encoding=UTF-8 
java_command: LessonEight
java_class_path (initial): /Library/Java/JavaVirtualMachines/jdk1.8.0_20.jdk/Contents/Home/lib/ant-javafx.jar:/Library/Java/JavaVirtualMachines/jdk1.8.0_20.jdk/Contents/Home/lib/dt.jar:/Library/Java/JavaVirtualMachines/jdk1.8.0_20.jdk/Contents/Home/lib/javafx-mx.jar:/Library/Java/JavaVirtualMachines/jdk1.8.0_20.jdk/Contents/Home/lib/jconsole.jar:/Library/Java/JavaVirtualMachines/jdk1.8.0_20.jdk/Contents/Home/lib/sa-jdi.jar:/Library/Java/JavaVirtualMachines/jdk1.8.0_20.jdk/Contents/Home/lib/tools.jar:/Library/Java/JavaVirtualMachines/jdk1.8.0_20.jdk/Contents/Home/jre/lib/charsets.jar:/Library/Java/JavaVirtualMachines/jdk1.8.0_20.jdk/Contents/Home/jre/lib/deploy.jar:/Library/Java/JavaVirtualMachines/jdk1.8.0_20.jdk/Contents/Home/jre/lib/javaws.jar:/Library/Java/JavaVirtualMachines/jdk1.8.0_20.jdk/Contents/Home/jre/lib/jce.jar:/Library/Java/JavaVirtualMachines/jdk1.8.0_20.jdk/Contents/Home/jre/lib/jfr.jar:/Library/Java/JavaVirtualMachines/jdk1.8.0_20.jdk/Contents/Home/jre/lib/jfxswt.jar:/Library/Java/JavaVirtualMachines/jdk1.8.0_20.jdk/Contents/Home/jre/lib/jsse.jar:/Library/Java/JavaVirtualMachines/jdk1.8.0_20.jdk/Contents/Home/jre/lib/management-agent.jar:/Library/Java/JavaVirtualMachines/jdk1.8.0_20.jdk/Contents/Home/jre/lib/plugin.jar:/Library/Java/JavaVirtualMachines/jdk1.8.0_20.jdk/Contents/Home/jre/lib/resources.jar:/Library/Java/JavaVirtualMachines/jdk1.8.0_20.jdk/Contents/Home/jre/lib/rt.jar:/Library/Java/JavaVirtualMachines/jdk1.8.0_20.jdk/Contents/Home/jre/lib/ext/cldrdata.jar:/Library/Java/JavaVirtualMachines/jdk1.8.0_20.jdk/Contents/Home/jre/lib/ext/dnsns.jar:/Library/Java/JavaVirtualMachines/jdk1.8.0_20.jdk/Contents/Home/jre/lib/ext/jfxrt.jar:/Library/Java/JavaVirtualMachines/jdk1.8.0_20.jdk/Contents/Home/jre/lib/ext/localedata.jar:/Library/Java/JavaVirtualMachines/jdk1.8.0_20.jdk/Contents/Home/jre/lib/ext/nashorn.jar:/Library/Java/JavaVirtualMachines/jdk1.8.0_20.jdk/Contents/Home/jre/lib/ext/sunec.jar:/Library/Java/JavaVirtualMachines/jdk1.8.0_20.jdk/C
Launcher Type: SUN_STANDARD

Environment Variables:
PATH=/usr/local/bin:/usr/bin:/bin:/usr/sbin:/sbin:/usr/local/mysql-5.7.10-osx10.9-x86_64/bin:/usr/local/git/bin
SHELL=/bin/bash

Signal Handlers:
SIGSEGV: [libjvm.dylib+0x578fd7], sa_mask[0]=11111111011111110111111111111111, sa_flags=SA_ONSTACK|SA_RESTART|SA_SIGINFO
SIGBUS: [libjvm.dylib+0x578fd7], sa_mask[0]=11111111011111110111111111111111, sa_flags=SA_RESTART|SA_SIGINFO
SIGFPE: [libjvm.dylib+0x45ab0c], sa_mask[0]=11111111011111110111111111111111, sa_flags=SA_RESTART|SA_SIGINFO
SIGPIPE: [libjvm.dylib+0x45ab0c], sa_mask[0]=11111111011111110111111111111111, sa_flags=SA_RESTART|SA_SIGINFO
SIGXFSZ: [libjvm.dylib+0x45ab0c], sa_mask[0]=11111111011111110111111111111111, sa_flags=SA_RESTART|SA_SIGINFO
SIGILL: [libjvm.dylib+0x45ab0c], sa_mask[0]=11111111011111110111111111111111, sa_flags=SA_RESTART|SA_SIGINFO
SIGUSR1: SIG_DFL, sa_mask[0]=00000000000000000000000000000000, sa_flags=none
SIGUSR2: [libjvm.dylib+0x45a62a], sa_mask[0]=00100000000000000000000000000000, sa_flags=SA_RESTART|SA_SIGINFO
SIGHUP: [libjvm.dylib+0x458bfd], sa_mask[0]=11111111011111110111111111111111, sa_flags=SA_RESTART|SA_SIGINFO
SIGINT: [libjvm.dylib+0x458bfd], sa_mask[0]=11111111011111110111111111111111, sa_flags=SA_RESTART|SA_SIGINFO
SIGTERM: [libjvm.dylib+0x458bfd], sa_mask[0]=11111111011111110111111111111111, sa_flags=SA_RESTART|SA_SIGINFO
SIGQUIT: [libjvm.dylib+0x458bfd], sa_mask[0]=11111111011111110111111111111111, sa_flags=SA_RESTART|SA_SIGINFO


---------------  S Y S T E M  ---------------

OS:Bsduname:Darwin 14.5.0 Darwin Kernel Version 14.5.0: Tue Sep  1 21:23:09 PDT 2015; root:xnu-2782.50.1~1/RELEASE_X86_64 x86_64
rlimit: STACK 8192k, CORE 0k, NPROC 709, NOFILE 10240, AS infinity
load average:8.13 8.26 9.09

CPU:total 4 (2 cores per cpu, 2 threads per core) family 6 model 58 stepping 9, cmov, cx8, fxsr, mmx, sse, sse2, sse3, ssse3, sse4.1, sse4.2, popcnt, avx, aes, clmul, erms, ht, tsc, tscinvbit, tscinv

Memory: 4k page, physical 4194304k(103568k free)

/proc/meminfo:


vm_info: Java HotSpot(TM) 64-Bit Server VM (25.20-b23) for bsd-amd64 JRE (1.8.0_20-b26), built on Jul 30 2014 13:37:47 by "java_re" with gcc 4.2.1 (Based on Apple Inc. build 5658) (LLVM build 2336.9.00)

time: Fri Feb  5 21:00:13 2016
elapsed time: 1380 seconds (0d 0h 23m 0s)

